This file contains any messages produced by compilers while
running configure, to aid debugging if configure makes a mistake.

It was created by configure, which was
generated by GNU Autoconf 2.59.  Invocation command line was

  $ ./configure 

## --------- ##
## Platform. ##
## --------- ##

hostname = rivendell
uname -m = i686
uname -r = 2.6.12-9-386
uname -s = Linux
uname -v = #1 Mon Oct 10 13:14:36 BST 2005

/usr/bin/uname -p = unknown
/bin/uname -X     = unknown

/bin/arch              = i686
/usr/bin/arch -k       = unknown
/usr/convex/getsysinfo = unknown
hostinfo               = unknown
/bin/machine           = unknown
/usr/bin/oslevel       = unknown
/bin/universe          = unknown

PATH: /usr/local/bin
PATH: /usr/local/sbin
PATH: /sbin
PATH: /usr/sbin
PATH: /bin
PATH: /usr/bin
PATH: /usr/bin/X11
PATH: /usr/games
PATH: /usr/local/bin
PATH: /usr/java/j2sdk1.4.2_08/bin
PATH: .


## ----------- ##
## Core tests. ##
## ----------- ##

configure:1553: checking for a BSD-compatible install
configure:1608: result: /usr/bin/install -c
configure:1619: checking whether build environment is sane
configure:1662: result: yes
configure:1677: checking whether make sets $(MAKE)
configure:1697: result: yes
configure:1729: checking for working aclocal-1.4
configure:1736: result: found
configure:1744: checking for working autoconf
configure:1751: result: found
configure:1759: checking for working automake-1.4
configure:1766: result: found
configure:1774: checking for working autoheader
configure:1781: result: found
configure:1789: checking for working makeinfo
configure:1800: result: missing
configure:1810: checking whether to enable maintainer-specific portions of Makefiles
configure:1819: result: no
configure:1880: checking for gcc
configure:1896: found /usr/bin/gcc
configure:1906: result: gcc
configure:2150: checking for C compiler version
configure:2153: gcc --version </dev/null >&5
gcc (GCC) 4.0.2 20050808 (prerelease) (Ubuntu 4.0.1-4ubuntu9)
Copyright (C) 2005 Free Software Foundation, Inc.
This is free software; see the source for copying conditions.  There is NO
warranty; not even for MERCHANTABILITY or FITNESS FOR A PARTICULAR PURPOSE.

configure:2156: $? = 0
configure:2158: gcc -v </dev/null >&5
Using built-in specs.
Target: i486-linux-gnu
Configured with: ../src/configure -v --enable-languages=c,c++,java,f95,objc,ada,treelang --prefix=/usr --with-gxx-include-dir=/usr/include/c++/4.0.2 --enable-shared --with-system-zlib --libexecdir=/usr/lib --enable-nls --without-included-gettext --enable-threads=posix --program-suffix=-4.0 --enable-__cxa_atexit --enable-libstdcxx-allocator=mt --enable-clocale=gnu --enable-libstdcxx-debug --enable-java-gc=boehm --enable-java-awt=gtk --enable-gtk-cairo --with-java-home=/usr/lib/jvm/java-1.4.2-gcj-4.0-1.4.2.0/jre --enable-mpfr --disable-werror --enable-checking=release i486-linux-gnu
Thread model: posix
gcc version 4.0.2 20050808 (prerelease) (Ubuntu 4.0.1-4ubuntu9)
configure:2161: $? = 0
configure:2163: gcc -V </dev/null >&5
gcc: '-V' option must have argument
configure:2166: $? = 1
configure:2189: checking for C compiler default output file name
configure:2192: gcc    conftest.c  >&5
configure:2195: $? = 0
configure:2241: result: a.out
configure:2246: checking whether the C compiler works
configure:2252: ./a.out
configure:2255: $? = 0
configure:2272: result: yes
configure:2279: checking whether we are cross compiling
configure:2281: result: no
configure:2284: checking for suffix of executables
configure:2286: gcc -o conftest    conftest.c  >&5
configure:2289: $? = 0
configure:2314: result: 
configure:2320: checking for suffix of object files
configure:2341: gcc -c   conftest.c >&5
configure:2344: $? = 0
configure:2366: result: o
configure:2370: checking whether we are using the GNU C compiler
configure:2394: gcc -c   conftest.c >&5
configure:2400: $? = 0
configure:2403: test -z 			 || test ! -s conftest.err
configure:2406: $? = 0
configure:2409: test -s conftest.o
configure:2412: $? = 0
configure:2425: result: yes
configure:2431: checking whether gcc accepts -g
configure:2452: gcc -c -g  conftest.c >&5
configure:2458: $? = 0
configure:2461: test -z 			 || test ! -s conftest.err
configure:2464: $? = 0
configure:2467: test -s conftest.o
configure:2470: $? = 0
configure:2481: result: yes
configure:2498: checking for gcc option to accept ANSI C
configure:2568: gcc  -c -g -O2  conftest.c >&5
configure:2574: $? = 0
configure:2577: test -z 			 || test ! -s conftest.err
configure:2580: $? = 0
configure:2583: test -s conftest.o
configure:2586: $? = 0
configure:2604: result: none needed
configure:2622: gcc -c -g -O2  conftest.c >&5
conftest.c:2: error: syntax error before 'me'
configure:2628: $? = 1
configure: failed program was:
| #ifndef __cplusplus
|   choke me
| #endif
configure:2760: checking for strerror in -lcposix
configure:2790: gcc -o conftest -g -O2   conftest.c -lcposix   >&5
/usr/bin/ld: cannot find -lcposix
collect2: ld returned 1 exit status
configure:2796: $? = 1
configure: failed program was:
| /* confdefs.h.  */
| 
| #define PACKAGE_NAME ""
| #define PACKAGE_TARNAME ""
| #define PACKAGE_VERSION ""
| #define PACKAGE_STRING ""
| #define PACKAGE_BUGREPORT ""
| #define PACKAGE "QuickSynergy"
| #define VERSION "0.1"
| /* end confdefs.h.  */
| 
| /* Override any gcc2 internal prototype to avoid an error.  */
| #ifdef __cplusplus
| extern "C"
| #endif
| /* We use char because int might match the return type of a gcc2
|    builtin and then its argument prototype would still apply.  */
| char strerror ();
| int
| main ()
| {
| strerror ();
|   ;
|   return 0;
| }
configure:2821: result: no
configure:2875: checking for gcc
configure:2901: result: gcc
configure:3145: checking for C compiler version
configure:3148: gcc --version </dev/null >&5
gcc (GCC) 4.0.2 20050808 (prerelease) (Ubuntu 4.0.1-4ubuntu9)
Copyright (C) 2005 Free Software Foundation, Inc.
This is free software; see the source for copying conditions.  There is NO
warranty; not even for MERCHANTABILITY or FITNESS FOR A PARTICULAR PURPOSE.

configure:3151: $? = 0
configure:3153: gcc -v </dev/null >&5
Using built-in specs.
Target: i486-linux-gnu
Configured with: ../src/configure -v --enable-languages=c,c++,java,f95,objc,ada,treelang --prefix=/usr --with-gxx-include-dir=/usr/include/c++/4.0.2 --enable-shared --with-system-zlib --libexecdir=/usr/lib --enable-nls --without-included-gettext --enable-threads=posix --program-suffix=-4.0 --enable-__cxa_atexit --enable-libstdcxx-allocator=mt --enable-clocale=gnu --enable-libstdcxx-debug --enable-java-gc=boehm --enable-java-awt=gtk --enable-gtk-cairo --with-java-home=/usr/lib/jvm/java-1.4.2-gcj-4.0-1.4.2.0/jre --enable-mpfr --disable-werror --enable-checking=release i486-linux-gnu
Thread model: posix
gcc version 4.0.2 20050808 (prerelease) (Ubuntu 4.0.1-4ubuntu9)
configure:3156: $? = 0
configure:3158: gcc -V </dev/null >&5
gcc: '-V' option must have argument
configure:3161: $? = 1
configure:3164: checking whether we are using the GNU C compiler
configure:3219: result: yes
configure:3225: checking whether gcc accepts -g
configure:3275: result: yes
configure:3292: checking for gcc option to accept ANSI C
configure:3398: result: none needed
configure:3416: gcc -c -g -O2  conftest.c >&5
conftest.c:2: error: syntax error before 'me'
configure:3422: $? = 1
configure: failed program was:
| #ifndef __cplusplus
|   choke me
| #endif
configure:3555: checking for gcc option to accept ANSI C
configure:3617: gcc  -c -g -O2  conftest.c >&5
configure:3623: $? = 0
configure:3626: test -z 			 || test ! -s conftest.err
configure:3629: $? = 0
configure:3632: test -s conftest.o
configure:3635: $? = 0
configure:3650: result: none needed
configure:3666: checking how to run the C preprocessor
configure:3701: gcc -E  conftest.c
configure:3707: $? = 0
configure:3739: gcc -E  conftest.c
conftest.c:11:28: error: ac_nonexistent.h: No such file or directory
configure:3745: $? = 1
configure: failed program was:
| /* confdefs.h.  */
| 
| #define PACKAGE_NAME ""
| #define PACKAGE_TARNAME ""
| #define PACKAGE_VERSION ""
| #define PACKAGE_STRING ""
| #define PACKAGE_BUGREPORT ""
| #define PACKAGE "QuickSynergy"
| #define VERSION "0.1"
| /* end confdefs.h.  */
| #include <ac_nonexistent.h>
configure:3784: result: gcc -E
configure:3808: gcc -E  conftest.c
configure:3814: $? = 0
configure:3846: gcc -E  conftest.c
conftest.c:11:28: error: ac_nonexistent.h: No such file or directory
configure:3852: $? = 1
configure: failed program was:
| /* confdefs.h.  */
| 
| #define PACKAGE_NAME ""
| #define PACKAGE_TARNAME ""
| #define PACKAGE_VERSION ""
| #define PACKAGE_STRING ""
| #define PACKAGE_BUGREPORT ""
| #define PACKAGE "QuickSynergy"
| #define VERSION "0.1"
| /* end confdefs.h.  */
| #include <ac_nonexistent.h>
configure:3896: checking for egrep
configure:3906: result: grep -E
configure:3911: checking for ANSI C header files
configure:3936: gcc -c -g -O2  conftest.c >&5
configure:3942: $? = 0
configure:3945: test -z 			 || test ! -s conftest.err
configure:3948: $? = 0
configure:3951: test -s conftest.o
configure:3954: $? = 0
configure:4043: gcc -o conftest -g -O2   conftest.c  >&5
conftest.c: In function 'main':
conftest.c:28: warning: incompatible implicit declaration of built-in function 'exit'
configure:4046: $? = 0
configure:4048: ./conftest
configure:4051: $? = 0
configure:4066: result: yes
configure:4155: checking build system type
configure:4173: result: i686-pc-linux-gnu
configure:4181: checking host system type
configure:4195: result: i686-pc-linux-gnu
configure:4203: checking for a sed that does not truncate output
configure:4257: result: /bin/sed
configure:4271: checking for ld used by gcc
configure:4338: result: /usr/bin/ld
configure:4347: checking if the linker (/usr/bin/ld) is GNU ld
configure:4362: result: yes
configure:4367: checking for /usr/bin/ld option to reload object files
configure:4374: result: -r
configure:4383: checking for BSD-compatible nm
configure:4425: result: /usr/bin/nm -B
configure:4429: checking whether ln -s works
configure:4433: result: yes
configure:4440: checking how to recognise dependent libraries
configure:4614: result: pass_all
configure:4835: checking for sys/types.h
configure:4851: gcc -c -g -O2  conftest.c >&5
configure:4857: $? = 0
configure:4860: test -z 			 || test ! -s conftest.err
configure:4863: $? = 0
configure:4866: test -s conftest.o
configure:4869: $? = 0
configure:4880: result: yes
configure:4835: checking for sys/stat.h
configure:4851: gcc -c -g -O2  conftest.c >&5
configure:4857: $? = 0
configure:4860: test -z 			 || test ! -s conftest.err
configure:4863: $? = 0
configure:4866: test -s conftest.o
configure:4869: $? = 0
configure:4880: result: yes
configure:4835: checking for stdlib.h
configure:4851: gcc -c -g -O2  conftest.c >&5
configure:4857: $? = 0
configure:4860: test -z 			 || test ! -s conftest.err
configure:4863: $? = 0
configure:4866: test -s conftest.o
configure:4869: $? = 0
configure:4880: result: yes
configure:4835: checking for string.h
configure:4851: gcc -c -g -O2  conftest.c >&5
configure:4857: $? = 0
configure:4860: test -z 			 || test ! -s conftest.err
configure:4863: $? = 0
configure:4866: test -s conftest.o
configure:4869: $? = 0
configure:4880: result: yes
configure:4835: checking for memory.h
configure:4851: gcc -c -g -O2  conftest.c >&5
configure:4857: $? = 0
configure:4860: test -z 			 || test ! -s conftest.err
configure:4863: $? = 0
configure:4866: test -s conftest.o
configure:4869: $? = 0
configure:4880: result: yes
configure:4835: checking for strings.h
configure:4851: gcc -c -g -O2  conftest.c >&5
configure:4857: $? = 0
configure:4860: test -z 			 || test ! -s conftest.err
configure:4863: $? = 0
configure:4866: test -s conftest.o
configure:4869: $? = 0
configure:4880: result: yes
configure:4835: checking for inttypes.h
configure:4851: gcc -c -g -O2  conftest.c >&5
configure:4857: $? = 0
configure:4860: test -z 			 || test ! -s conftest.err
configure:4863: $? = 0
configure:4866: test -s conftest.o
configure:4869: $? = 0
configure:4880: result: yes
configure:4835: checking for stdint.h
configure:4851: gcc -c -g -O2  conftest.c >&5
configure:4857: $? = 0
configure:4860: test -z 			 || test ! -s conftest.err
configure:4863: $? = 0
configure:4866: test -s conftest.o
configure:4869: $? = 0
configure:4880: result: yes
configure:4835: checking for unistd.h
configure:4851: gcc -c -g -O2  conftest.c >&5
configure:4857: $? = 0
configure:4860: test -z 			 || test ! -s conftest.err
configure:4863: $? = 0
configure:4866: test -s conftest.o
configure:4869: $? = 0
configure:4880: result: yes
configure:4906: checking dlfcn.h usability
configure:4918: gcc -c -g -O2  conftest.c >&5
configure:4924: $? = 0
configure:4927: test -z 			 || test ! -s conftest.err
configure:4930: $? = 0
configure:4933: test -s conftest.o
configure:4936: $? = 0
configure:4946: result: yes
configure:4950: checking dlfcn.h presence
configure:4960: gcc -E  conftest.c
configure:4966: $? = 0
configure:4986: result: yes
configure:5021: checking for dlfcn.h
configure:5028: result: yes
configure:5093: checking for g++
configure:5109: found /usr/bin/g++
configure:5119: result: g++
configure:5135: checking for C++ compiler version
configure:5138: g++ --version </dev/null >&5
g++ (GCC) 4.0.2 20050808 (prerelease) (Ubuntu 4.0.1-4ubuntu9)
Copyright (C) 2005 Free Software Foundation, Inc.
This is free software; see the source for copying conditions.  There is NO
warranty; not even for MERCHANTABILITY or FITNESS FOR A PARTICULAR PURPOSE.

configure:5141: $? = 0
configure:5143: g++ -v </dev/null >&5
Using built-in specs.
Target: i486-linux-gnu
Configured with: ../src/configure -v --enable-languages=c,c++,java,f95,objc,ada,treelang --prefix=/usr --with-gxx-include-dir=/usr/include/c++/4.0.2 --enable-shared --with-system-zlib --libexecdir=/usr/lib --enable-nls --without-included-gettext --enable-threads=posix --program-suffix=-4.0 --enable-__cxa_atexit --enable-libstdcxx-allocator=mt --enable-clocale=gnu --enable-libstdcxx-debug --enable-java-gc=boehm --enable-java-awt=gtk --enable-gtk-cairo --with-java-home=/usr/lib/jvm/java-1.4.2-gcj-4.0-1.4.2.0/jre --enable-mpfr --disable-werror --enable-checking=release i486-linux-gnu
Thread model: posix
gcc version 4.0.2 20050808 (prerelease) (Ubuntu 4.0.1-4ubuntu9)
configure:5146: $? = 0
configure:5148: g++ -V </dev/null >&5
g++: '-V' option must have argument
configure:5151: $? = 1
configure:5154: checking whether we are using the GNU C++ compiler
configure:5178: g++ -c   conftest.cc >&5
configure:5184: $? = 0
configure:5187: test -z 			 || test ! -s conftest.err
configure:5190: $? = 0
configure:5193: test -s conftest.o
configure:5196: $? = 0
configure:5209: result: yes
configure:5215: checking whether g++ accepts -g
configure:5236: g++ -c -g  conftest.cc >&5
configure:5242: $? = 0
configure:5245: test -z 			 || test ! -s conftest.err
configure:5248: $? = 0
configure:5251: test -s conftest.o
configure:5254: $? = 0
configure:5265: result: yes
configure:5307: g++ -c -g -O2  conftest.cc >&5
configure:5313: $? = 0
configure:5316: test -z 			 || test ! -s conftest.err
configure:5319: $? = 0
configure:5322: test -s conftest.o
configure:5325: $? = 0
configure:5351: g++ -c -g -O2  conftest.cc >&5
conftest.cc: In function 'int main()':
conftest.cc:26: error: 'exit' was not declared in this scope
configure:5357: $? = 1
configure: failed program was:
| /* confdefs.h.  */
| 
| #define PACKAGE_NAME ""
| #define PACKAGE_TARNAME ""
| #define PACKAGE_VERSION ""
| #define PACKAGE_STRING ""
| #define PACKAGE_BUGREPORT ""
| #define PACKAGE "QuickSynergy"
| #define VERSION "0.1"
| #define STDC_HEADERS 1
| #define HAVE_SYS_TYPES_H 1
| #define HAVE_SYS_STAT_H 1
| #define HAVE_STDLIB_H 1
| #define HAVE_STRING_H 1
| #define HAVE_MEMORY_H 1
| #define HAVE_STRINGS_H 1
| #define HAVE_INTTYPES_H 1
| #define HAVE_STDINT_H 1
| #define HAVE_UNISTD_H 1
| #define HAVE_DLFCN_H 1
| /* end confdefs.h.  */
| 
| int
| main ()
| {
| exit (42);
|   ;
|   return 0;
| }
configure:5307: g++ -c -g -O2  conftest.cc >&5
configure:5313: $? = 0
configure:5316: test -z 			 || test ! -s conftest.err
configure:5319: $? = 0
configure:5322: test -s conftest.o
configure:5325: $? = 0
configure:5351: g++ -c -g -O2  conftest.cc >&5
configure:5357: $? = 0
configure:5360: test -z 			 || test ! -s conftest.err
configure:5363: $? = 0
configure:5366: test -s conftest.o
configure:5369: $? = 0
configure:5397: checking how to run the C++ preprocessor
configure:5428: g++ -E  conftest.cc
configure:5434: $? = 0
configure:5466: g++ -E  conftest.cc
conftest.cc:25:28: error: ac_nonexistent.h: No such file or directory
configure:5472: $? = 1
configure: failed program was:
| /* confdefs.h.  */
| 
| #define PACKAGE_NAME ""
| #define PACKAGE_TARNAME ""
| #define PACKAGE_VERSION ""
| #define PACKAGE_STRING ""
| #define PACKAGE_BUGREPORT ""
| #define PACKAGE "QuickSynergy"
| #define VERSION "0.1"
| #define STDC_HEADERS 1
| #define HAVE_SYS_TYPES_H 1
| #define HAVE_SYS_STAT_H 1
| #define HAVE_STDLIB_H 1
| #define HAVE_STRING_H 1
| #define HAVE_MEMORY_H 1
| #define HAVE_STRINGS_H 1
| #define HAVE_INTTYPES_H 1
| #define HAVE_STDINT_H 1
| #define HAVE_UNISTD_H 1
| #define HAVE_DLFCN_H 1
| #ifdef __cplusplus
| extern "C" void std::exit (int) throw (); using std::exit;
| #endif
| /* end confdefs.h.  */
| #include <ac_nonexistent.h>
configure:5511: result: g++ -E
configure:5535: g++ -E  conftest.cc
configure:5541: $? = 0
configure:5573: g++ -E  conftest.cc
conftest.cc:25:28: error: ac_nonexistent.h: No such file or directory
configure:5579: $? = 1
configure: failed program was:
| /* confdefs.h.  */
| 
| #define PACKAGE_NAME ""
| #define PACKAGE_TARNAME ""
| #define PACKAGE_VERSION ""
| #define PACKAGE_STRING ""
| #define PACKAGE_BUGREPORT ""
| #define PACKAGE "QuickSynergy"
| #define VERSION "0.1"
| #define STDC_HEADERS 1
| #define HAVE_SYS_TYPES_H 1
| #define HAVE_SYS_STAT_H 1
| #define HAVE_STDLIB_H 1
| #define HAVE_STRING_H 1
| #define HAVE_MEMORY_H 1
| #define HAVE_STRINGS_H 1
| #define HAVE_INTTYPES_H 1
| #define HAVE_STDINT_H 1
| #define HAVE_UNISTD_H 1
| #define HAVE_DLFCN_H 1
| #ifdef __cplusplus
| extern "C" void std::exit (int) throw (); using std::exit;
| #endif
| /* end confdefs.h.  */
| #include <ac_nonexistent.h>
configure:5674: checking for g77
configure:5703: result: no
configure:5674: checking for f77
configure:5703: result: no
configure:5674: checking for xlf
configure:5703: result: no
configure:5674: checking for frt
configure:5703: result: no
configure:5674: checking for pgf77
configure:5703: result: no
configure:5674: checking for fort77
configure:5703: result: no
configure:5674: checking for fl32
configure:5703: result: no
configure:5674: checking for af77
configure:5703: result: no
configure:5674: checking for f90
configure:5703: result: no
configure:5674: checking for xlf90
configure:5703: result: no
configure:5674: checking for pgf90
configure:5703: result: no
configure:5674: checking for epcf90
configure:5703: result: no
configure:5674: checking for f95
configure:5703: result: no
configure:5674: checking for fort
configure:5703: result: no
configure:5674: checking for xlf95
configure:5703: result: no
configure:5674: checking for ifc
configure:5703: result: no
configure:5674: checking for efc
configure:5703: result: no
configure:5674: checking for pgf95
configure:5703: result: no
configure:5674: checking for lf95
configure:5703: result: no
configure:5674: checking for gfortran
configure:5703: result: no
configure:5715: checking for Fortran 77 compiler version
configure:5718:  --version </dev/null >&5
./configure: line 5719: --version: command not found
configure:5721: $? = 127
configure:5723:  -v </dev/null >&5
./configure: line 5724: -v: command not found
configure:5726: $? = 127
configure:5728:  -V </dev/null >&5
./configure: line 5729: -V: command not found
configure:5731: $? = 127
configure:5739: checking whether we are using the GNU Fortran 77 compiler
configure:5753:  -c  conftest.F >&5
./configure: line 5754: -c: command not found
configure:5759: $? = 127
configure: failed program was:
|       program main
| #ifndef __GNUC__
|        choke me
| #endif
| 
|       end
configure:5784: result: no
configure:5790: checking whether  accepts -g
configure:5802:  -c -g conftest.f >&5
./configure: line 5803: -c: command not found
configure:5808: $? = 127
configure: failed program was:
|       program main
| 
|       end
configure:5832: result: no
configure:5862: checking the maximum length of command line arguments
configure:5927: result: 32768
configure:5938: checking command to parse /usr/bin/nm -B output from gcc object
configure:6027: gcc -c -g -O2  conftest.c >&5
configure:6030: $? = 0
configure:6034: /usr/bin/nm -B conftest.o \| sed -n -e 's/^.*[ 	]\([ABCDGIRSTW][ABCDGIRSTW]*\)[ 	][ 	]*\(\)\([_A-Za-z][_A-Za-z0-9]*\)$/\1 \2\3 \3/p' \> conftest.nm
configure:6037: $? = 0
configure:6089: gcc -o conftest -g -O2   conftest.c conftstm.o >&5
configure:6092: $? = 0
configure:6130: result: ok
configure:6134: checking for objdir
configure:6149: result: .libs
configure:6239: checking for ar
configure:6255: found /usr/bin/ar
configure:6266: result: ar
configure:6319: checking for ranlib
configure:6335: found /usr/bin/ranlib
configure:6346: result: ranlib
configure:6399: checking for strip
configure:6415: found /usr/bin/strip
configure:6426: result: strip
configure:6688: checking if gcc static flag  works
configure:6711: result: yes
configure:6729: checking if gcc supports -fno-rtti -fno-exceptions
configure:6747: gcc -c -g -O2  -fno-rtti -fno-exceptions conftest.c >&5
cc1: warning: command line option "-fno-rtti" is valid for C++/ObjC++ but not for C
configure:6751: $? = 0
configure:6762: result: no
configure:6777: checking for gcc option to produce PIC
configure:6954: result: -fPIC
configure:6962: checking if gcc PIC flag -fPIC works
configure:6980: gcc -c -g -O2  -fPIC -DPIC conftest.c >&5
configure:6984: $? = 0
configure:6995: result: yes
configure:7019: checking if gcc supports -c -o file.o
configure:7040: gcc -c -g -O2  -o out/conftest2.o conftest.c >&5
configure:7044: $? = 0
configure:7064: result: yes
configure:7090: checking whether the gcc linker (/usr/bin/ld) supports shared libraries
configure:7937: result: yes
configure:7963: checking whether -lc should be explicitly linked in
configure:7968: gcc -c -g -O2  conftest.c >&5
configure:7971: $? = 0
configure:7985: gcc -shared conftest.o  -v -Wl,-soname -Wl,conftest -o conftest 2\>\&1 \| grep  -lc  \>/dev/null 2\>\&1
configure:7988: $? = 0
configure:8000: result: no
configure:8008: checking dynamic linker characteristics
configure:8560: result: GNU/Linux ld.so
configure:8564: checking how to hardcode library paths into programs
configure:8589: result: immediate
configure:8603: checking whether stripping libraries is possible
configure:8608: result: yes
configure:9431: checking if libtool supports shared libraries
configure:9433: result: yes
configure:9436: checking whether to build shared libraries
configure:9494: result: yes
configure:9497: checking whether to build static libraries
configure:9501: result: yes
configure:9593: creating libtool
configure:10140: checking for ld used by g++
configure:10207: result: /usr/bin/ld
configure:10216: checking if the linker (/usr/bin/ld) is GNU ld
configure:10231: result: yes
configure:10282: checking whether the g++ linker (/usr/bin/ld) supports shared libraries
configure:11108: result: yes
configure:11126: g++ -c -g -O2  conftest.cc >&5
configure:11129: $? = 0
configure:11225: checking for g++ option to produce PIC
configure:11477: result: -fPIC
configure:11485: checking if g++ PIC flag -fPIC works
configure:11503: g++ -c -g -O2  -fPIC -DPIC conftest.cc >&5
configure:11507: $? = 0
configure:11518: result: yes
configure:11542: checking if g++ supports -c -o file.o
configure:11563: g++ -c -g -O2  -o out/conftest2.o conftest.cc >&5
configure:11567: $? = 0
configure:11587: result: yes
configure:11613: checking whether the g++ linker (/usr/bin/ld) supports shared libraries
configure:11641: result: yes
configure:11712: checking dynamic linker characteristics
configure:12264: result: GNU/Linux ld.so
configure:12268: checking how to hardcode library paths into programs
configure:12293: result: immediate
configure:12307: checking whether stripping libraries is possible
configure:12312: result: yes
configure:19604: checking for pkg-config
configure:19622: found /usr/bin/pkg-config
configure:19634: result: /usr/bin/pkg-config
configure:19649: checking pkg-config is at least version 0.9.0
configure:19652: result: yes
configure:19663: checking for PACKAGE
configure:19668: $PKG_CONFIG --exists --print-errors "libgnomeui-2.0 gtk+-2.0 libglade-2.0"
configure:19671: $? = 0
configure:19682: $PKG_CONFIG --exists --print-errors "libgnomeui-2.0 gtk+-2.0 libglade-2.0"
configure:19685: $? = 0
configure:19740: result: yes
configure:19909: creating ./config.status

## ---------------------- ##
## Running config.status. ##
## ---------------------- ##

This file was extended by config.status, which was
generated by GNU Autoconf 2.59.  Invocation command line was

  CONFIG_FILES    = 
  CONFIG_HEADERS  = 
  CONFIG_LINKS    = 
  CONFIG_COMMANDS = 
  $ ./config.status 

on rivendell

config.status:753: creating Makefile
config.status:753: creating include/Makefile
config.status:753: creating src/Makefile
config.status:753: creating pixmaps/Makefile
config.status:753: creating QuickSynergy.desktop
config.status:819: creating config.h
config.status:939: config.h is unchanged
config.status:1097: executing default-1 commands

## ---------------- ##
## Cache variables. ##
## ---------------- ##

ac_cv_build=i686-pc-linux-gnu
ac_cv_build_alias=i686-pc-linux-gnu
ac_cv_c_compiler_gnu=yes
ac_cv_cxx_compiler_gnu=yes
ac_cv_env_CC_set=
ac_cv_env_CC_value=
ac_cv_env_CFLAGS_set=
ac_cv_env_CFLAGS_value=
ac_cv_env_CPPFLAGS_set=
ac_cv_env_CPPFLAGS_value=
ac_cv_env_CPP_set=
ac_cv_env_CPP_value=
ac_cv_env_CXXCPP_set=
ac_cv_env_CXXCPP_value=
ac_cv_env_CXXFLAGS_set=
ac_cv_env_CXXFLAGS_value=
ac_cv_env_CXX_set=
ac_cv_env_CXX_value=
ac_cv_env_F77_set=
ac_cv_env_F77_value=
ac_cv_env_FFLAGS_set=
ac_cv_env_FFLAGS_value=
ac_cv_env_LDFLAGS_set=
ac_cv_env_LDFLAGS_value=
ac_cv_env_PACKAGE_CFLAGS_set=
ac_cv_env_PACKAGE_CFLAGS_value=
ac_cv_env_PACKAGE_LIBS_set=
ac_cv_env_PACKAGE_LIBS_value=
ac_cv_env_PKG_CONFIG_set=
ac_cv_env_PKG_CONFIG_value=
ac_cv_env_build_alias_set=
ac_cv_env_build_alias_value=
ac_cv_env_host_alias_set=
ac_cv_env_host_alias_value=
ac_cv_env_target_alias_set=
ac_cv_env_target_alias_value=
ac_cv_exeext=
ac_cv_f77_compiler_gnu=no
ac_cv_header_dlfcn_h=yes
ac_cv_header_inttypes_h=yes
ac_cv_header_memory_h=yes
ac_cv_header_stdc=yes
ac_cv_header_stdint_h=yes
ac_cv_header_stdlib_h=yes
ac_cv_header_string_h=yes
ac_cv_header_strings_h=yes
ac_cv_header_sys_stat_h=yes
ac_cv_header_sys_types_h=yes
ac_cv_header_unistd_h=yes
ac_cv_host=i686-pc-linux-gnu
ac_cv_host_alias=i686-pc-linux-gnu
ac_cv_lib_cposix_strerror=no
ac_cv_objext=o
ac_cv_path_ac_pt_PKG_CONFIG=/usr/bin/pkg-config
ac_cv_path_install='/usr/bin/install -c'
ac_cv_prog_CPP='gcc -E'
ac_cv_prog_CXXCPP='g++ -E'
ac_cv_prog_ac_ct_AR=ar
ac_cv_prog_ac_ct_CC=gcc
ac_cv_prog_ac_ct_CXX=g++
ac_cv_prog_ac_ct_RANLIB=ranlib
ac_cv_prog_ac_ct_STRIP=strip
ac_cv_prog_cc_g=yes
ac_cv_prog_cc_stdc=
ac_cv_prog_cxx_g=yes
ac_cv_prog_egrep='grep -E'
ac_cv_prog_f77_g=no
ac_cv_prog_make_make_set=yes
am_cv_prog_cc_stdc=
lt_cv_deplibs_check_method=pass_all
lt_cv_file_magic_cmd='$MAGIC_CMD'
lt_cv_file_magic_test_file=
lt_cv_ld_reload_flag=-r
lt_cv_objdir=.libs
lt_cv_path_LD=/usr/bin/ld
lt_cv_path_LDCXX=/usr/bin/ld
lt_cv_path_NM='/usr/bin/nm -B'
lt_cv_path_SED=/bin/sed
lt_cv_prog_compiler_c_o=yes
lt_cv_prog_compiler_c_o_CXX=yes
lt_cv_prog_compiler_rtti_exceptions=no
lt_cv_prog_gnu_ld=yes
lt_cv_prog_gnu_ldcxx=yes
lt_cv_sys_global_symbol_pipe='sed -n -e '\''s/^.*[ 	]\([ABCDGIRSTW][ABCDGIRSTW]*\)[ 	][ 	]*\(\)\([_A-Za-z][_A-Za-z0-9]*\)$/\1 \2\3 \3/p'\'''
lt_cv_sys_global_symbol_to_c_name_address='sed -n -e '\''s/^: \([^ ]*\) $/  {\"\1\", (lt_ptr) 0},/p'\'' -e '\''s/^[BCDEGRST] \([^ ]*\) \([^ ]*\)$/  {"\2", (lt_ptr) \&\2},/p'\'''
lt_cv_sys_global_symbol_to_cdecl='sed -n -e '\''s/^. .* \(.*\)$/extern int \1;/p'\'''
lt_cv_sys_max_cmd_len=32768
lt_lt_cv_prog_compiler_c_o='"yes"'
lt_lt_cv_prog_compiler_c_o_CXX='"yes"'
lt_lt_cv_sys_global_symbol_pipe='"sed -n -e '\''s/^.*[ 	]\\([ABCDGIRSTW][ABCDGIRSTW]*\\)[ 	][ 	]*\\(\\)\\([_A-Za-z][_A-Za-z0-9]*\\)\$/\\1 \\2\\3 \\3/p'\''"'
lt_lt_cv_sys_global_symbol_to_c_name_address='"sed -n -e '\''s/^: \\([^ ]*\\) \$/  {\\\"\\1\\\", (lt_ptr) 0},/p'\'' -e '\''s/^[BCDEGRST] \\([^ ]*\\) \\([^ ]*\\)\$/  {\"\\2\", (lt_ptr) \\&\\2},/p'\''"'
lt_lt_cv_sys_global_symbol_to_cdecl='"sed -n -e '\''s/^. .* \\(.*\\)\$/extern int \\1;/p'\''"'
pkg_cv_PACKAGE_CFLAGS='-DORBIT2=1 -pthread -I/usr/include/libgnomeui-2.0 -I/usr/include/libgnome-2.0 -I/usr/include/libgnomecanvas-2.0 -I/usr/include/gtk-2.0 -I/usr/include/libart-2.0 -I/usr/include/gconf/2 -I/usr/include/libbonoboui-2.0 -I/usr/include/gnome-vfs-2.0 -I/usr/lib/gnome-vfs-2.0/include -I/usr/include/gnome-keyring-1 -I/usr/include/glib-2.0 -I/usr/lib/glib-2.0/include -I/usr/include/orbit-2.0 -I/usr/include/libbonobo-2.0 -I/usr/include/bonobo-activation-2.0 -I/usr/include/pango-1.0 -I/usr/include/freetype2 -I/usr/lib/gtk-2.0/include -I/usr/include/atk-1.0 -I/usr/include/cairo -I/usr/include/libxml2 -I/usr/include/libglade-2.0  '
pkg_cv_PACKAGE_LIBS='-Wl,--export-dynamic -pthread -lgnomeui-2 -lSM -lICE -lbonoboui-2 -lgnome-keyring -lgnomecanvas-2 -lgnome-2 -lpopt -lart_lgpl_2 -lpangoft2-1.0 -lgnomevfs-2 -lbonobo-2 -lgconf-2 -lbonobo-activation -lORBit-2 -lgthread-2.0 -lglade-2.0 -lgtk-x11-2.0 -lxml2 -lz -lgdk-x11-2.0 -latk-1.0 -lgdk_pixbuf-2.0 -lm -lpangocairo-1.0 -lfontconfig -lXinerama -lXi -lXrandr -lXext -lXcursor -lXfixes -lpango-1.0 -lcairo -lXrender -lX11 -lgobject-2.0 -lgmodule-2.0 -ldl -lglib-2.0  '

## ----------------- ##
## Output variables. ##
## ----------------- ##

ACLOCAL='aclocal-1.4'
AR='ar'
AUTOCONF='autoconf'
AUTOHEADER='autoheader'
AUTOMAKE='automake-1.4'
CC='gcc'
CFLAGS='-g -O2'
CPP='gcc -E'
CPPFLAGS=''
CXX='g++'
CXXCPP='g++ -E'
CXXFLAGS='-g -O2'
DEFS='-DHAVE_CONFIG_H'
ECHO='echo'
ECHO_C=''
ECHO_N='-n'
ECHO_T=''
EGREP='grep -E'
EXEEXT=''
F77=''
FFLAGS=''
INSTALL_DATA='${INSTALL} -m 644'
INSTALL_PROGRAM='${INSTALL}'
INSTALL_SCRIPT='${INSTALL}'
LDFLAGS=''
LIBOBJS=''
LIBS=''
LIBTOOL='$(SHELL) $(top_builddir)/libtool'
LN_S='ln -s'
LTLIBOBJS=''
MAINT='#'
MAINTAINER_MODE_FALSE=''
MAINTAINER_MODE_TRUE='#'
MAKEINFO='/home/cesarbs/Projects/QuickSynergy/missing makeinfo'
NO_PREFIX_PACKAGE_DATA_DIR='share'
NO_PREFIX_PACKAGE_DOC_DIR='doc/QuickSynergy'
NO_PREFIX_PACKAGE_HELP_DIR='share/gnome/help/QuickSynergy'
NO_PREFIX_PACKAGE_MENU_DIR='share/gnome/apps'
NO_PREFIX_PACKAGE_PIXMAPS_DIR='share/pixmaps/QuickSynergy'
OBJEXT='o'
PACKAGE='QuickSynergy'
PACKAGE_BUGREPORT=''
PACKAGE_CFLAGS='-DORBIT2=1 -pthread -I/usr/include/libgnomeui-2.0 -I/usr/include/libgnome-2.0 -I/usr/include/libgnomecanvas-2.0 -I/usr/include/gtk-2.0 -I/usr/include/libart-2.0 -I/usr/include/gconf/2 -I/usr/include/libbonoboui-2.0 -I/usr/include/gnome-vfs-2.0 -I/usr/lib/gnome-vfs-2.0/include -I/usr/include/gnome-keyring-1 -I/usr/include/glib-2.0 -I/usr/lib/glib-2.0/include -I/usr/include/orbit-2.0 -I/usr/include/libbonobo-2.0 -I/usr/include/bonobo-activation-2.0 -I/usr/include/pango-1.0 -I/usr/include/freetype2 -I/usr/lib/gtk-2.0/include -I/usr/include/atk-1.0 -I/usr/include/cairo -I/usr/include/libxml2 -I/usr/include/libglade-2.0  '
PACKAGE_DATA_DIR='/usr/local/share'
PACKAGE_DOC_DIR='/usr/local/doc/QuickSynergy'
PACKAGE_HELP_DIR='/usr/local/share/gnome/help/QuickSynergy'
PACKAGE_LIBS='-Wl,--export-dynamic -pthread -lgnomeui-2 -lSM -lICE -lbonoboui-2 -lgnome-keyring -lgnomecanvas-2 -lgnome-2 -lpopt -lart_lgpl_2 -lpangoft2-1.0 -lgnomevfs-2 -lbonobo-2 -lgconf-2 -lbonobo-activation -lORBit-2 -lgthread-2.0 -lglade-2.0 -lgtk-x11-2.0 -lxml2 -lz -lgdk-x11-2.0 -latk-1.0 -lgdk_pixbuf-2.0 -lm -lpangocairo-1.0 -lfontconfig -lXinerama -lXi -lXrandr -lXext -lXcursor -lXfixes -lpango-1.0 -lcairo -lXrender -lX11 -lgobject-2.0 -lgmodule-2.0 -ldl -lglib-2.0  '
PACKAGE_MENU_DIR='/usr/local/share/gnome/apps'
PACKAGE_NAME=''
PACKAGE_PIXMAPS_DIR='/usr/local/share/pixmaps/QuickSynergy'
PACKAGE_STRING=''
PACKAGE_TARNAME=''
PACKAGE_VERSION=''
PATH_SEPARATOR=':'
PKG_CONFIG='/usr/bin/pkg-config'
RANLIB='ranlib'
SET_MAKE=''
SHELL='/bin/sh'
STRIP='strip'
VERSION='0.1'
ac_ct_AR='ar'
ac_ct_CC='gcc'
ac_ct_CXX='g++'
ac_ct_F77=''
ac_ct_RANLIB='ranlib'
ac_ct_STRIP='strip'
ac_pt_PKG_CONFIG='/usr/bin/pkg-config'
bindir='${exec_prefix}/bin'
build='i686-pc-linux-gnu'
build_alias=''
build_cpu='i686'
build_os='linux-gnu'
build_vendor='pc'
datadir='${prefix}/share'
exec_prefix='${prefix}'
host='i686-pc-linux-gnu'
host_alias=''
host_cpu='i686'
host_os='linux-gnu'
host_vendor='pc'
includedir='${prefix}/include'
infodir='${prefix}/info'
libdir='${exec_prefix}/lib'
libexecdir='${exec_prefix}/libexec'
localstatedir='${prefix}/var'
mandir='${prefix}/man'
oldincludedir='/usr/include'
prefix='/usr/local'
program_transform_name='s,x,x,'
sbindir='${exec_prefix}/sbin'
sharedstatedir='${prefix}/com'
sysconfdir='${prefix}/etc'
target_alias=''

## ----------- ##
## confdefs.h. ##
## ----------- ##

#define HAVE_DLFCN_H 1
#define HAVE_INTTYPES_H 1
#define HAVE_MEMORY_H 1
#define HAVE_STDINT_H 1
#define HAVE_STDLIB_H 1
#define HAVE_STRINGS_H 1
#define HAVE_STRING_H 1
#define HAVE_SYS_STAT_H 1
#define HAVE_SYS_TYPES_H 1
#define HAVE_UNISTD_H 1
#define PACKAGE "QuickSynergy"
#define PACKAGE_BUGREPORT ""
#define PACKAGE_DATA_DIR "/usr/local/share"
#define PACKAGE_DOC_DIR "/usr/local/doc/QuickSynergy"
#define PACKAGE_HELP_DIR "/usr/local/share/gnome/help/QuickSynergy"
#define PACKAGE_MENU_DIR "/usr/local/share/gnome/apps"
#define PACKAGE_NAME ""
#define PACKAGE_PIXMAPS_DIR "/usr/local/share/pixmaps/QuickSynergy"
#define PACKAGE_SOURCE_DIR "/home/cesarbs/Projects/QuickSynergy"
#define PACKAGE_STRING ""
#define PACKAGE_TARNAME ""
#define PACKAGE_VERSION ""
#define STDC_HEADERS 1
#define VERSION "0.1"
#endif
#ifdef __cplusplus
extern "C" void std::exit (int) throw (); using std::exit;

configure: exit 0

## ---------------------- ##
## Running config.status. ##
## ---------------------- ##

This file was extended by config.status, which was
generated by GNU Autoconf 2.59.  Invocation command line was

  CONFIG_FILES    = pixmaps/Makefile
  CONFIG_HEADERS  = 
  CONFIG_LINKS    = 
  CONFIG_COMMANDS = 
  $ ./config.status 

on rivendell

config.status:753: creating pixmaps/Makefile
config.status:1097: executing default-1 commands

## ---------------------- ##
## Running config.status. ##
## ---------------------- ##

This file was extended by config.status, which was
generated by GNU Autoconf 2.59.  Invocation command line was

  CONFIG_FILES    = src/Makefile
  CONFIG_HEADERS  = 
  CONFIG_LINKS    = 
  CONFIG_COMMANDS = 
  $ ./config.status 

on rivendell

config.status:753: creating src/Makefile
config.status:1097: executing default-1 commands
